mode: set
math-compiler/src/scanner/scanner.go:25.41,27.2 1 1
math-compiler/src/scanner/scanner.go:30.43,31.41 1 0
math-compiler/src/scanner/scanner.go:34.2,35.17 2 0
math-compiler/src/scanner/scanner.go:31.41,33.3 1 0
math-compiler/src/scanner/scanner.go:39.31,40.28 1 1
math-compiler/src/scanner/scanner.go:43.2,46.13 4 1
math-compiler/src/scanner/scanner.go:40.28,42.3 1 1
math-compiler/src/scanner/scanner.go:50.51,54.2 3 0
math-compiler/src/scanner/scanner.go:57.31,61.2 3 1
math-compiler/src/scanner/scanner.go:63.35,69.2 5 1
math-compiler/src/scanner/scanner.go:72.28,74.2 1 1
math-compiler/src/scanner/scanner.go:76.28,78.2 1 1
math-compiler/src/scanner/scanner.go:81.70,87.2 2 0
math-compiler/src/scanner/scanner.go:90.45,91.45 1 0
math-compiler/src/scanner/scanner.go:94.2,95.14 2 0
math-compiler/src/scanner/scanner.go:91.45,93.3 1 0
math-compiler/src/scanner/scanner.go:99.43,100.46 1 0
math-compiler/src/scanner/scanner.go:102.2,102.12 1 0
math-compiler/src/scanner/scanner.go:100.46,101.3 0 0
math-compiler/src/scanner/states.go:8.37,10.9 2 0
math-compiler/src/scanner/states.go:29.2,30.12 2 0
math-compiler/src/scanner/states.go:11.24,13.20 2 0
math-compiler/src/scanner/states.go:14.17,16.13 2 0
math-compiler/src/scanner/states.go:17.21,19.21 2 0
math-compiler/src/scanner/states.go:20.20,22.20 2 0
math-compiler/src/scanner/states.go:23.22,25.22 2 0
math-compiler/src/scanner/states.go:26.10,27.69 1 0
math-compiler/src/scanner/states.go:33.37,44.2 8 0
math-compiler/src/scanner/states.go:46.39,48.12 2 0
math-compiler/src/scanner/states.go:67.2,67.19 1 0
math-compiler/src/scanner/states.go:49.11,51.20 2 0
math-compiler/src/scanner/states.go:52.11,54.20 2 0
math-compiler/src/scanner/states.go:55.11,57.20 2 0
math-compiler/src/scanner/states.go:58.11,60.20 2 0
math-compiler/src/scanner/states.go:61.11,63.20 2 0
math-compiler/src/scanner/states.go:64.10,65.48 1 0
math-compiler/src/scanner/states.go:70.38,72.12 2 0
math-compiler/src/scanner/states.go:82.2,82.19 1 0
math-compiler/src/scanner/states.go:73.11,75.20 2 0
math-compiler/src/scanner/states.go:76.11,78.20 2 0
math-compiler/src/scanner/states.go:79.10,80.48 1 0
math-compiler/src/scanner/states.go:85.30,88.2 2 0
math-compiler/src/scanner/states.go:90.29,92.2 1 0
math-compiler/src/scanner/states.go:94.32,96.2 1 0
math-compiler/src/scanner/states.go:98.31,101.2 2 0
math-compiler/src/scanner/states.go:103.33,105.2 1 0
